{
  "version": "1.0",
  "description": "从Stack Overflow提取的测试Query（error traceback）",
  "total": 30,
  "test_queries": [
    {
      "query_id": "test-001",
      "source_id": "so-610883",
      "question_id": 610883,
      "query": "Traceback (most recent call last):\n  File \"<stdin>\", line 1, in <module>\nAttributeError: SomeClass instance has no attribute 'property'How do I tell ifahas the attributepropertybefore using it?",
      "title": "How can I check if an object has an attribute?",
      "error_type": "attributeerror",
      "ground_truth": [
        "so-610883"
      ],
      "question_score": 2530,
      "answer_score": 3517
    },
    {
      "query_id": "test-002",
      "source_id": "so-17839973",
      "question_id": 17839973,
      "query": "ValueError: If using all scalar values, you must pass an indexI tried this also:df2 = (pd.DataFrame({'a':a, 'b':b})).reset_index()This gives the same error message. How do I do what I want?",
      "title": "Constructing DataFrame from values in variables yields \"ValueError: If using all scalar values, you must pass an index\"",
      "error_type": "valueerror",
      "ground_truth": [
        "so-17839973"
      ],
      "question_score": 868,
      "answer_score": 1256
    },
    {
      "query_id": "test-003",
      "source_id": "so-36921951",
      "question_id": 36921951,
      "query": "ValueError: The truth value of a Series is ambiguous. Use a.empty, a.bool(), a.item(), a.any() or a.all().",
      "title": "Truth value of a Series is ambiguous. Use a.empty, a.bool(), a.item(), a.any() or a.all()",
      "error_type": "valueerror",
      "ground_truth": [
        "so-36921951"
      ],
      "question_score": 901,
      "answer_score": 1163
    },
    {
      "query_id": "test-004",
      "source_id": "so-11536764",
      "question_id": 11536764,
      "query": "Traceback (most recent call last):\n  File \"core_test.py\", line 3, in <module>\n    from ..components.core import GameLoopEvents\nValueError: Attempted relative import in non-packageSearching around I found \"relative path not working even with __init__.py\" and \"Import a module from a relative path\" but they didn't help.Is there anything I'm missing here?",
      "title": "How to fix \"Attempted relative import in non-package\" even with __init__.py",
      "error_type": "importerror",
      "ground_truth": [
        "so-11536764"
      ],
      "question_score": 857,
      "answer_score": 478
    },
    {
      "query_id": "test-005",
      "source_id": "so-17534345",
      "question_id": 17534345,
      "query": "Traceback (most recent call last):\n  File \"C:\\Users\\Dom\\Desktop\\test\\test.py\", line 7, in <module>\n    p = Pump.getPumps()\nTypeError: getPumps() missing 1 required positional argument: 'self'Why doesn't__init__seem to be called, and what does this exception mean? My understanding is thatselfis passed to the constructor and methods automatically. What am I doing wrong here?SeeWhy do I get 'takes exactly 1 argument (2 given)' when trying to call a method?for the opposite problem.",
      "title": "Why do I get \"TypeError: Missing 1 required positional argument: 'self'\"?",
      "error_type": "typeerror",
      "ground_truth": [
        "so-17534345"
      ],
      "question_score": 466,
      "answer_score": 610
    },
    {
      "query_id": "test-006",
      "source_id": "so-338768",
      "question_id": 338768,
      "query": "Traceback (most recent call last):\n  File \"mountain.py\", line 28, in ?\n    from toolkit.interface import interface\nImportError: No module named toolkit.interfaceI have already checkedsys.pathand there I have the directory/site-packages. Also, I have the file__init__.py.binin the toolkit folder to indicate to Python that this is a package. I also have a__init__.py.binin the examples directory.I do not know why Python cannot find the file when it is insys.path.  Any ideas?  Can it be a permissions problem?  Do I need some execution permission?",
      "title": "Python error \"ImportError: No module named\"",
      "error_type": "importerror",
      "ground_truth": [
        "so-338768"
      ],
      "question_score": 648,
      "answer_score": 327
    },
    {
      "query_id": "test-007",
      "source_id": "so-8949252",
      "question_id": 8949252,
      "query": "AttributeError: 'NoneType' object has no attribute 'something'What general scenarios might cause such anAttributeError, and how can I identify the problem?This is a special case ofAttributeErrors. It merits separate treatment because there are a lot of ways to get an unexpectedNonevalue from the code, so it's typically a different problem; for otherAttributeErrors, the problem might just as easily be the attribute name.See alsoWhat is a None value?andWhat is a 'NoneType' object?for an understanding ofNoneand its type,NoneType.",
      "title": "Why do I get AttributeError: 'NoneType' object has no attribute 'something'?",
      "error_type": "attributeerror",
      "ground_truth": [
        "so-8949252"
      ],
      "question_score": 492,
      "answer_score": 471
    },
    {
      "query_id": "test-008",
      "source_id": "so-21764770",
      "question_id": 21764770,
      "query": "TypeError: Horizontol_drawbox() got multiple values for argument 'fillBox'What does this mean, and how can I fix the problem?",
      "title": "TypeError: got multiple values for argument",
      "error_type": "typeerror",
      "ground_truth": [
        "so-21764770"
      ],
      "question_score": 381,
      "answer_score": 517
    },
    {
      "query_id": "test-009",
      "source_id": "so-4674473",
      "question_id": 4674473,
      "query": "ValueError: setting an array element with a sequence.",
      "title": "ValueError: setting an array element with a sequence",
      "error_type": "valueerror",
      "ground_truth": [
        "so-4674473"
      ],
      "question_score": 337,
      "answer_score": 398
    },
    {
      "query_id": "test-010",
      "source_id": "so-6077675",
      "question_id": 6077675,
      "query": "TypeError: string indices must be integersWhat am I missing here? Which are the \"string indices\"?Here's a bit of my JSON content:{\"issues\": [{\"gravatar_id\": \"44230311a3dcd684b6c5f81bf2ec9f60\", \"position\": 2.0, \"number\": 263...",
      "title": "Why am I seeing \"TypeError: string indices must be integers\"?",
      "error_type": "typeerror",
      "ground_truth": [
        "so-6077675"
      ],
      "question_score": 446,
      "answer_score": 184
    },
    {
      "query_id": "test-011",
      "source_id": "so-9698614",
      "question_id": 9698614,
      "query": "TypeError: why?>>> from  HTMLParser import HTMLParser",
      "title": "super() raises \"TypeError: must be type, not classobj\" for new-style class",
      "error_type": "typeerror",
      "ground_truth": [
        "so-9698614"
      ],
      "question_score": 343,
      "answer_score": 250
    },
    {
      "query_id": "test-012",
      "source_id": "so-18552001",
      "question_id": 18552001,
      "query": "AttributeError: 'dict_keys' object has no attribute 'index'I want to getfoo.same with:keys[0]",
      "title": "Accessing dict_keys element by index in Python3",
      "error_type": "typeerror",
      "ground_truth": [
        "so-18552001"
      ],
      "question_score": 224,
      "answer_score": 303
    },
    {
      "query_id": "test-013",
      "source_id": "so-18552001",
      "question_id": 18552001,
      "query": "AttributeError: 'dict_keys' object has no attribute 'index'I want to getfoo.same with:keys[0]",
      "title": "Accessing dict_keys element by index in Python3",
      "error_type": "typeerror",
      "ground_truth": [
        "so-18552001"
      ],
      "question_score": 224,
      "answer_score": 303
    },
    {
      "query_id": "test-014",
      "source_id": "so-1250103",
      "question_id": 1250103,
      "query": "ImportError: Cannot import name X\" or \"AttributeError: ... (most likely due to a circular import)\"?(16 answers)Closed3 years ago.I have two python modules:a.pyimport b",
      "title": "AttributeError: 'module' object has no attribute [duplicate]",
      "error_type": "attributeerror",
      "ground_truth": [
        "so-1250103"
      ],
      "question_score": 259,
      "answer_score": 244
    },
    {
      "query_id": "test-015",
      "source_id": "so-19877306",
      "question_id": 19877306,
      "query": "Traceback (most recent call last):\n  File \"<pyshell#25>\", line 1, in <module>\n    bidi_text = get_display(reshaped_text)\n  File \"C:\\Python33\\lib\\site-packages\\python_bidi-0.3.4-py3.3.egg\\bidi\\algorithm.py\",   line 602, in get_display\n    if isinstance(unicode_or_str, unicode):\nNameError: global name 'unicode' is not definedHow should I re-write this part of the code so it works in Python3?\nAlso if anyone have used bidi package with Python 3 please let me know if they have found similar problems or not. I appreciate your help.",
      "title": "NameError: global name 'unicode' is not defined - in Python 3",
      "error_type": "nameerror",
      "ground_truth": [
        "so-19877306"
      ],
      "question_score": 193,
      "answer_score": 294
    },
    {
      "query_id": "test-016",
      "source_id": "so-3887381",
      "question_id": 3887381,
      "query": "TypeError: 'NoneType' object is not iterablemean? Example:for row in data:  # Gives TypeError!",
      "title": "TypeError: 'NoneType' object is not iterable",
      "error_type": "typeerror",
      "ground_truth": [
        "so-3887381"
      ],
      "question_score": 218,
      "answer_score": 268
    },
    {
      "query_id": "test-017",
      "source_id": "so-15514593",
      "question_id": 15514593,
      "query": "ImportError: No module named ..., however, if I launch ipython and import the same module in the same way through the interpreter, the module is accepted.What's going on, and how can I fix it?  I've tried to understand how python uses PYTHONPATH but I'm thoroughly confused.  Any help would greatly appreciated.",
      "title": "\"ImportError: No module named\" when trying to run Python script",
      "error_type": "importerror",
      "ground_truth": [
        "so-15514593"
      ],
      "question_score": 221,
      "answer_score": 254
    },
    {
      "query_id": "test-018",
      "source_id": "so-31323499",
      "question_id": 31323499,
      "query": "ValueError: Input contains NaN, infinity or a value too large for dtype('float64').I have runnp.isnan(mat.any()) #and gets False",
      "title": "sklearn error ValueError: Input contains NaN, infinity or a value too large for dtype('float64')",
      "error_type": "valueerror",
      "ground_truth": [
        "so-31323499"
      ],
      "question_score": 271,
      "answer_score": 177
    },
    {
      "query_id": "test-019",
      "source_id": "so-34471102",
      "question_id": 34471102,
      "query": "NameError: name 'include' is not definedWhere can I importincludefrom?",
      "title": "Python NameError: name 'include' is not defined [closed]",
      "error_type": "nameerror",
      "ground_truth": [
        "so-34471102"
      ],
      "question_score": 121,
      "answer_score": 293
    },
    {
      "query_id": "test-020",
      "source_id": "so-14295680",
      "question_id": 14295680,
      "query": "Traceback (most recent call last):\n  File \"<stdin>\", line 1, in <module>\nImportError: No module named mechanizeThe installations I ran previously reported that they had completed successfully, so I expect the import to work.What could be causing this error?See also:pip installs packages successfully, but executables are not found from the command linefor the case where the code can be imported, but executables (or wrapper scripts) included with the package can't be found at the command line. Either way this is fundamentally an environment setup issue.",
      "title": "Unable to import a module that is definitely installed",
      "error_type": "importerror",
      "ground_truth": [
        "so-14295680"
      ],
      "question_score": 272,
      "answer_score": 142
    },
    {
      "query_id": "test-021",
      "source_id": "so-57505071",
      "question_id": 57505071,
      "query": "NameError.def totalFruit(self, tree: List[int]) -> int:",
      "title": "NameError: name 'List' is not defined",
      "error_type": "nameerror",
      "ground_truth": [
        "so-57505071"
      ],
      "question_score": 133,
      "answer_score": 250
    },
    {
      "query_id": "test-022",
      "source_id": "so-11146190",
      "question_id": 11146190,
      "query": "TypeError: not enough arguments for format stringIts 7 for 7 though?",
      "title": "Python TypeError: not enough arguments for format string",
      "error_type": "typeerror",
      "ground_truth": [
        "so-11146190"
      ],
      "question_score": 164,
      "answer_score": 191
    },
    {
      "query_id": "test-023",
      "source_id": "so-47113029",
      "question_id": 47113029,
      "query": "ImportError: libSM.so.6: cannot open shared object file: No such file or directoryNot sure how to fix this - trying to play around with Google's newColaboratorytool. Notebook is here:https://drive.google.com/file/d/0B7-sJqBiyjCcRmFkMzl6cy1iN0k/view?usp=sharing",
      "title": "ImportError: libSM.so.6: cannot open shared object file: No such file or directory",
      "error_type": "importerror",
      "ground_truth": [
        "so-47113029"
      ],
      "question_score": 152,
      "answer_score": 186
    },
    {
      "query_id": "test-024",
      "source_id": "so-30940167",
      "question_id": 30940167,
      "query": "AttributeError: 'module' object has no attribute 'extras'Maybe something is dorked in my installation but I have no clue where to start looking. I made some updates with pip, but as far as I know no dependencies ofpsycopg2.",
      "title": "psycopg2: AttributeError: 'module' object has no attribute 'extras'",
      "error_type": "importerror",
      "ground_truth": [
        "so-30940167"
      ],
      "question_score": 120,
      "answer_score": 211
    },
    {
      "query_id": "test-025",
      "source_id": "so-13967428",
      "question_id": 13967428,
      "query": "Traceback (most recent call last):\n  File \"openerp-client.py\", line 105, in <module>\n  File \"modules\\__init__.pyo\", line 23, in <module>\n  File \"modules\\gui\\__init__.pyo\", line 22, in <module>\n  File \"modules\\gui\\main.pyo\", line 33, in <module>\n  File \"rpc.pyo\", line 29, in <module>\n  File \"common\\__init__.pyo\", line 22, in <module>\n  File \"common\\common.pyo\", line 26, in <module>\n  File \"tools\\__init__.pyo\", line 28, in <module>\n  File \"dateutil\\relativedelta.pyo\", line 12, in <module>\nImportError: No module named sixCould someone guide what's wrong and how it can be fixed???",
      "title": "ImportError: No module named six",
      "error_type": "importerror",
      "ground_truth": [
        "so-13967428"
      ],
      "question_score": 156,
      "answer_score": 171
    },
    {
      "query_id": "test-026",
      "source_id": "so-28210269",
      "question_id": 28210269,
      "query": "Traceback (most recent call last):\n File \"D:\\Python\\lib\\runpy.py\", line 162, in _run_module_as_main\n  \"__main__\", fname, loader, pkg_name)\n File \"D:\\Python\\lib\\runpy.py\", line 72, in _run_code \n  exec code in run_globals\n File \"D:\\Python\\Scripts\\pip.exe\\__main__.py\", line 5, in <module>\nImportError: cannot import name main",
      "title": "ImportError: cannot import name main when running pip --version command in windows7 32 bit",
      "error_type": "importerror",
      "ground_truth": [
        "so-28210269"
      ],
      "question_score": 149,
      "answer_score": 176
    },
    {
      "query_id": "test-027",
      "source_id": "so-13092267",
      "question_id": 13092267,
      "query": "TypeError: 'range' object is not an iteratorWhat am I missing here?  I was expecting this to print 0, and to advance to the next value inmyrange.  I'm new to Python, so please accept my apologies for the rather basic question, but I couldn't find a good explanation anywhere else.",
      "title": "If range() is a generator in Python 3.3, why can I not call next() on a range?",
      "error_type": "typeerror",
      "ground_truth": [
        "so-13092267"
      ],
      "question_score": 136,
      "answer_score": 176
    },
    {
      "query_id": "test-028",
      "source_id": "so-43727583",
      "question_id": 43727583,
      "query": "Traceback (most recent call last):\n  File \"C:/Users/xxxxx/PycharmProjects/tronc/tronc2.py\", line 48, in <module>\n    clean_Plan_responses.append(fix_Plan(train[\"Plan\"][i]))\n  File \"C:/Users/xxxxx/PycharmProjects/tronc/tronc2.py\", line 22, in fix_Plan\n    location)  # Column and row to search\n  File \"C:\\Users\\xxxxx\\AppData\\Local\\Programs\\Python\\Python36\\lib\\re.py\", line 191, in sub\n    return _compile(pattern, flags).sub(repl, string, count)\nTypeError: expected string or bytes-like object",
      "title": "re.sub erroring with \"Expected string or bytes-like object\"",
      "error_type": "typeerror",
      "ground_truth": [
        "so-43727583"
      ],
      "question_score": 132,
      "answer_score": 178
    },
    {
      "query_id": "test-029",
      "source_id": "so-25843698",
      "question_id": 25843698,
      "query": "ValueError appears.So, python 2 pickle can not load the file dumped by python 3 pickle?If I want it? How to do?",
      "title": "ValueError: unsupported pickle protocol: 3, python2 pickle can not load the file dumped by python 3 pickle?",
      "error_type": "valueerror",
      "ground_truth": [
        "so-25843698"
      ],
      "question_score": 107,
      "answer_score": 167
    },
    {
      "query_id": "test-030",
      "source_id": "so-13675296",
      "question_id": 13675296,
      "query": "TypeError: unhashable type: 'list'. I know that keys in a dictionary can't be lists but I'm trying to make my value into a list not the key. I'm wondering if I made a mistake somewhere.",
      "title": "How to overcome TypeError: unhashable type: 'list' [duplicate]",
      "error_type": "typeerror",
      "ground_truth": [
        "so-13675296"
      ],
      "question_score": 187,
      "answer_score": 80
    }
  ]
}