{
  "test_id": "constructed_5_react_run2",
  "case_id": "constructed_5",
  "case_name": "NameError - 使用前未赋值",
  "agent": "react",
  "run_num": 2,
  "source": "constructed",
  "error_type": "NameError",
  "success": true,
  "time": 24.26148796081543,
  "iterations": 4,
  "fixed_code": "total = 0\nprint(total)",
  "react_history": [
    {
      "iteration": 1,
      "llm_response": "Thought: 首先需要分析错误类型，看看是什么错误。从错误信息可以看出是NameError，变量'total'未定义。\nAction: analyze_error\nAction Input: {\"traceback\": \"Traceback (most recent call last):\\n  File \\\"main.py\\\", line 1, in <module>\\nNameError: name 'total' is not defined\"}",
      "action": {
        "type": "action",
        "tool": "analyze_error",
        "params": {
          "traceback": "Traceback (most recent call last):\n  File \"main.py\", line 1, in <module>\nNameError: name 'total' is not defined"
        }
      },
      "observation": "错误分析结果:\n- 错误类型: NameError\n- 错误信息: name 'total' is not defined\n- 文件: main.py\n- 行号: 1"
    },
    {
      "iteration": 2,
      "llm_response": "Thought: 这是典型的NameError，变量在使用前未定义。代码在第1行使用`print(total)`时，`total`还没有被定义。这是一个简单的变量定义顺序问题，不需要复杂的项目上下文分析。我可以直接修复代码，将变量定义移到使用之前。\n\nAction: fix_code\nAction Input: {\n  \"buggy_code\": \"print(total)\\ntotal = 0\",\n  \"error_message\": \"NameError: name 'total' is not defined\"\n}",
      "action": {
        "type": "action",
        "tool": "fix_code",
        "params": {
          "buggy_code": "print(total)\ntotal = 0",
          "error_message": "NameError: name 'total' is not defined"
        }
      },
      "observation": "代码修复完成:\n修复说明: 修复了变量使用前未定义的问题。原代码在第1行尝试打印变量total的值，但此时total尚未定义，导致NameError。Python要求变量必须先定义后使用，因此需要将total的定义移到print语句之前。\n变更: ['修改1: 将total = 0的定义移到print(total)语句之前，确保变量在使用前已定义']\n修复后代码已保存，可以使用execute_code验证"
    },
    {
      "iteration": 3,
      "llm_response": "Thought: 修复代码已经生成，现在需要验证修复是否成功。必须执行execute_code来确认修复有效。\n\nAction: execute_code\nAction Input: {}",
      "action": {
        "type": "action",
        "tool": "execute_code",
        "params": {}
      },
      "observation": "✅ 执行成功!\n输出: 0\n"
    },
    {
      "iteration": 4,
      "llm_response": "Thought: 验证成功！代码已修复。这是一个简单的变量定义顺序问题：原代码在第1行使用变量`total`，但直到第2行才定义它。修复方法是将变量定义移到使用之前，确保变量在使用前已经定义。\n\nFinal Answer: {\"fixed_code\": \"total = 0\\nprint(total)\", \"explanation\": \"修复了变量使用前未定义的NameError。将变量定义'total = 0'移到'print(total)'语句之前，确保变量在使用前已经定义。\"}",
      "action": {
        "type": "final",
        "result": {
          "fixed_code": "total = 0\nprint(total)",
          "explanation": "修复了变量使用前未定义的NameError。将变量定义'total = 0'移到'print(total)'语句之前，确保变量在使用前已经定义。"
        }
      }
    }
  ],
  "original_error": "Traceback (most recent call last):\n  File \"main.py\", line 1, in <module>\nNameError: name 'total' is not defined\n",
  "timestamp": "2025-11-28T23:10:02.971269"
}