{
  "test_id": "constructed_2_react_run2",
  "case_id": "constructed_2",
  "case_name": "NameError - 变量未定义",
  "agent": "react",
  "run_num": 2,
  "source": "constructed",
  "error_type": "NameError",
  "success": true,
  "time": 27.61557388305664,
  "iterations": 4,
  "fixed_code": "x = 10\ny = 20\nprint(y)",
  "react_history": [
    {
      "iteration": 1,
      "llm_response": "Thought: 首先需要分析错误类型，看看是什么错误。从错误信息看，这是一个NameError，说明变量y未定义。我需要使用analyze_error工具来提取详细信息。\n\nAction: analyze_error\nAction Input: {\"traceback\": \"Traceback (most recent call last):\\n  File \\\"main.py\\\", line 1, in <module>\\nNameError: name 'y' is not defined\"}",
      "action": {
        "type": "action",
        "tool": "analyze_error",
        "params": {
          "traceback": "Traceback (most recent call last):\n  File \"main.py\", line 1, in <module>\nNameError: name 'y' is not defined"
        }
      },
      "observation": "错误分析结果:\n- 错误类型: NameError\n- 错误信息: name 'y' is not defined\n- 文件: main.py\n- 行号: 1"
    },
    {
      "iteration": 2,
      "llm_response": "Thought: 这是一个NameError，变量y未定义。由于这是一个简单的单文件代码，不需要复杂的项目上下文分析。错误很明显：代码试图打印变量y，但y没有被定义。我需要修复代码，要么定义y变量，要么修改为打印已定义的变量x。\n\nAction: fix_code\nAction Input: {\n  \"buggy_code\": \"x = 10\\nprint(y)\",\n  \"error_message\": \"NameError: name 'y' is not defined\"\n}",
      "action": {
        "type": "action",
        "tool": "fix_code",
        "params": {
          "buggy_code": "x = 10\nprint(y)",
          "error_message": "NameError: name 'y' is not defined"
        }
      },
      "observation": "代码修复完成:\n修复说明: 修复了NameError: name 'y' is not defined错误。原代码中变量y在使用前没有被定义，导致在print语句中引用未定义的变量时出现NameError。修复方法是在使用y之前先定义它，这里给y赋值为20。\n变更: ['修改1: 添加变量y的定义，赋值为20', '修改2: 确保所有使用的变量在使用前都已正确定义']\n修复后代码已保存，可以使用execute_code验证"
    },
    {
      "iteration": 3,
      "llm_response": "Thought: 修复代码已经生成，现在需要验证修复是否成功。必须使用execute_code工具来测试修复后的代码是否能正常运行。\n\nAction: execute_code\nAction Input: {}",
      "action": {
        "type": "action",
        "tool": "execute_code",
        "params": {}
      },
      "observation": "✅ 执行成功!\n输出: 20\n"
    },
    {
      "iteration": 4,
      "llm_response": "Thought: 验证成功！代码已修复。修复过程很简单：原代码中变量y在使用前没有被定义，导致NameError。修复方法是在使用y之前先定义它，给y赋值为20。现在代码可以正常运行，输出结果为20。\n\nFinal Answer: {\"fixed_code\": \"x = 10\\ny = 20\\nprint(y)\", \"explanation\": \"修复了NameError: name 'y' is not defined错误。原代码中变量y在使用前没有被定义，导致在print语句中引用未定义的变量时出现NameError。修复方法是在使用y之前先定义它，给y赋值为20。\"}",
      "action": {
        "type": "final",
        "result": {
          "fixed_code": "x = 10\ny = 20\nprint(y)",
          "explanation": "修复了NameError: name 'y' is not defined错误。原代码中变量y在使用前没有被定义，导致在print语句中引用未定义的变量时出现NameError。修复方法是在使用y之前先定义它，给y赋值为20。"
        }
      }
    }
  ],
  "original_error": "Traceback (most recent call last):\n  File \"main.py\", line 1, in <module>\nNameError: name 'y' is not defined\n",
  "timestamp": "2025-11-28T23:08:46.056541"
}