{
  "test_id": "constructed_7_react_run3",
  "case_id": "constructed_7",
  "case_name": "TypeError - 缺少参数",
  "agent": "react",
  "run_num": 3,
  "source": "constructed",
  "error_type": "TypeError",
  "success": true,
  "time": 29.108194828033447,
  "iterations": 4,
  "fixed_code": "def add(a, b):\n    return a + b\n\nresult = add(5, 3)\nprint(result)",
  "react_history": [
    {
      "iteration": 1,
      "llm_response": "Thought: 首先需要分析错误类型，从错误信息可以看出是TypeError，具体是add()函数缺少一个必需的位置参数'b'。让我使用analyze_error工具来确认错误详情。\n\nAction: analyze_error\nAction Input: {\"traceback\": \"Traceback (most recent call last):\\n  File \\\"main.py\\\", line 1, in <module>\\nTypeError: add() missing 1 required positional argument: 'b'\"}",
      "action": {
        "type": "action",
        "tool": "analyze_error",
        "params": {
          "traceback": "Traceback (most recent call last):\n  File \"main.py\", line 1, in <module>\nTypeError: add() missing 1 required positional argument: 'b'"
        }
      },
      "observation": "错误分析结果:\n- 错误类型: TypeError\n- 错误信息: add() missing 1 required positional argument: 'b'\n- 文件: main.py\n- 行号: 1"
    },
    {
      "iteration": 2,
      "llm_response": "Thought: 这是TypeError，错误信息明确指出add()函数缺少必需的位置参数'b'。查看代码发现add函数定义需要两个参数a和b，但调用时只传了一个参数5。我需要修复这个参数不匹配的问题。让我使用fix_code工具来生成修复方案。\n\nAction: fix_code\nAction Input: {\"buggy_code\": \"def add(a, b):\\n    return a + b\\n\\nresult = add(5)\\nprint(result)\", \"error_message\": \"TypeError: add() missing 1 required positional argument: 'b'\"}",
      "action": {
        "type": "action",
        "tool": "fix_code",
        "params": {
          "buggy_code": "def add(a, b):\n    return a + b\n\nresult = add(5)\nprint(result)",
          "error_message": "TypeError: add() missing 1 required positional argument: 'b'"
        }
      },
      "observation": "代码修复完成:\n修复说明: 修复了函数调用时缺少必需参数的错误。原代码中add函数定义需要两个参数a和b，但在调用时只提供了一个参数5，缺少了必需的第二个参数b。修复方法是在函数调用时添加第二个参数，这里使用了3作为示例值。\n变更: ['修改1: 在add(5)调用中添加第二个参数，改为add(5, 3)']\n修复后代码已保存，可以使用execute_code验证"
    },
    {
      "iteration": 3,
      "llm_response": "Thought: 修复代码已经生成，将add(5)改为add(5, 3)来提供必需的第二个参数。现在需要使用execute_code工具验证修复是否成功。\n\nAction: execute_code\nAction Input: {}",
      "action": {
        "type": "action",
        "tool": "execute_code",
        "params": {}
      },
      "observation": "✅ 执行成功!\n输出: 8\n"
    },
    {
      "iteration": 4,
      "llm_response": "Thought: 验证成功！代码执行没有错误，输出结果为8。修复过程很简单：原代码中add函数定义需要两个参数，但调用时只提供了一个参数，导致TypeError。通过添加第二个参数3，使函数调用符合定义要求，成功解决了问题。\n\nFinal Answer: {\"fixed_code\": \"def add(a, b):\\n    return a + b\\n\\nresult = add(5, 3)\\nprint(result)\", \"explanation\": \"修复了TypeError: add()函数调用缺少必需的位置参数'b'。原代码add(5)只提供了一个参数，但函数定义需要两个参数a和b。修复方法是在函数调用中添加第二个参数，改为add(5, 3)\"}",
      "action": {
        "type": "final",
        "result": {
          "fixed_code": "def add(a, b):\n    return a + b\n\nresult = add(5, 3)\nprint(result)",
          "explanation": "修复了TypeError: add()函数调用缺少必需的位置参数'b'。原代码add(5)只提供了一个参数，但函数定义需要两个参数a和b。修复方法是在函数调用中添加第二个参数，改为add(5, 3)"
        }
      }
    }
  ],
  "original_error": "Traceback (most recent call last):\n  File \"main.py\", line 1, in <module>\nTypeError: add() missing 1 required positional argument: 'b'\n",
  "timestamp": "2025-11-28T23:11:00.430023"
}