{
  "test_id": "constructed_1_react_run2",
  "case_id": "constructed_1",
  "case_name": "NameError - 变量拼写错误",
  "agent": "react",
  "run_num": 2,
  "source": "constructed",
  "error_type": "NameError",
  "success": true,
  "time": 27.468446016311646,
  "iterations": 4,
  "fixed_code": "def greet(name):\n    print(f'Hello, {name}')\n\ngreet('Tom')",
  "react_history": [
    {
      "iteration": 1,
      "llm_response": "Thought: 首先需要分析错误类型，看看是什么错误。从错误信息看，这是一个NameError，变量'nme'未定义。\nAction: analyze_error\nAction Input: {\"traceback\": \"Traceback (most recent call last):\\n  File \\\"main.py\\\", line 1, in <module>\\nNameError: name 'nme' is not defined\"}",
      "action": {
        "type": "action",
        "tool": "analyze_error",
        "params": {
          "traceback": "Traceback (most recent call last):\n  File \"main.py\", line 1, in <module>\nNameError: name 'nme' is not defined"
        }
      },
      "observation": "错误分析结果:\n- 错误类型: NameError\n- 错误信息: name 'nme' is not defined\n- 文件: main.py\n- 行号: 1"
    },
    {
      "iteration": 2,
      "llm_response": "Thought: 这是NameError错误，变量'nme'未定义。从代码看，函数greet的参数是'name'，但在print语句中使用了'nme'，这明显是拼写错误。由于是单文件且无项目路径，不需要调用get_project_context来查找定义。直接修复代码中的变量名拼写错误即可。\n\nAction: fix_code\nAction Input: {\n  \"buggy_code\": \"def greet(name):\\n    print(f'Hello, {nme}')\\n\\ngreet('Tom')\",\n  \"error_message\": \"NameError: name 'nme' is not defined\"\n}",
      "action": {
        "type": "action",
        "tool": "fix_code",
        "params": {
          "buggy_code": "def greet(name):\n    print(f'Hello, {nme}')\n\ngreet('Tom')",
          "error_message": "NameError: name 'nme' is not defined"
        }
      },
      "observation": "代码修复完成:\n修复说明: 修复了NameError错误。原代码中函数参数名为'name'，但在f-string中使用了未定义的变量'nme'，这导致了NameError。将f-string中的变量名从'nme'修正为'name'，使其与函数参数名一致。\n变更: [\"修改1: 将print语句中的变量名从'nme'改为'name'，使其与函数参数名匹配\"]\n修复后代码已保存，可以使用execute_code验证"
    },
    {
      "iteration": 3,
      "llm_response": "Thought: 修复代码已完成，现在需要验证修复是否成功。必须执行execute_code来确认代码能够正常运行。\n\nAction: execute_code\nAction Input: {}",
      "action": {
        "type": "action",
        "tool": "execute_code",
        "params": {}
      },
      "observation": "✅ 执行成功!\n输出: Hello, Tom\n"
    },
    {
      "iteration": 4,
      "llm_response": "Thought: 验证成功！代码已修复。修复了NameError错误，将print语句中的变量名从'nme'修正为'name'，使其与函数参数名一致。现在代码能够正常运行并输出\"Hello, Tom\"。\n\nFinal Answer: {\"fixed_code\": \"def greet(name):\\n    print(f'Hello, {name}')\\n\\ngreet('Tom')\", \"explanation\": \"修复了NameError错误。原代码中函数参数名为'name'，但在f-string中使用了未定义的变量'nme'，这导致了NameError。将f-string中的变量名从'nme'修正为'name'，使其与函数参数名一致。\"}",
      "action": {
        "type": "final",
        "result": {
          "fixed_code": "def greet(name):\n    print(f'Hello, {name}')\n\ngreet('Tom')",
          "explanation": "修复了NameError错误。原代码中函数参数名为'name'，但在f-string中使用了未定义的变量'nme'，这导致了NameError。将f-string中的变量名从'nme'修正为'name'，使其与函数参数名一致。"
        }
      }
    }
  ],
  "original_error": "Traceback (most recent call last):\n  File \"main.py\", line 1, in <module>\nNameError: name 'nme' is not defined\n",
  "timestamp": "2025-11-28T23:08:23.767732"
}