{
  "test_id": "constructed_27_react_run2",
  "case_id": "constructed_27",
  "case_name": "复杂 - 同一文件多个错误",
  "agent": "react",
  "run_num": 2,
  "source": "constructed",
  "error_type": "NameError",
  "success": true,
  "time": 36.60873794555664,
  "iterations": 5,
  "fixed_code": "def add(a, b):\n    return a + b\n\ndef multiply(a, b):\n    return a * b\n\ndef divide(a, b):\n    return a / b\n\nx = add(5, 3)\ny = multiply(x, 2)\nz = divide(y, 4)\nprint(z)",
  "react_history": [
    {
      "iteration": 1,
      "llm_response": "Thought: 首先需要分析错误类型，看看是什么错误。从错误信息看，这是一个NameError，说明'add'函数未定义。我需要使用analyze_error工具来提取详细信息。\n\nAction: analyze_error\nAction Input: {\"traceback\": \"Traceback (most recent call last):\\n  File \\\"main.py\\\", line 1, in <module>\\nNameError: name 'add' is not defined\"}",
      "action": {
        "type": "action",
        "tool": "analyze_error",
        "params": {
          "traceback": "Traceback (most recent call last):\n  File \"main.py\", line 1, in <module>\nNameError: name 'add' is not defined"
        }
      },
      "observation": "错误分析结果:\n- 错误类型: NameError\n- 错误信息: name 'add' is not defined\n- 文件: main.py\n- 行号: 1"
    },
    {
      "iteration": 2,
      "llm_response": "Thought: 这是一个NameError，说明'add'函数未定义。由于这是一个单文件项目，没有其他文件可以导入，我需要查找项目中是否有'add'的定义。让我使用get_project_context来查找定义位置。\n\nAction: get_project_context\nAction Input: {\"error_file\": \"main.py\", \"error_name\": \"add\", \"error_type\": \"NameError\"}",
      "action": {
        "type": "action",
        "tool": "get_project_context",
        "params": {
          "error_file": "main.py",
          "error_name": "add",
          "error_type": "NameError"
        }
      },
      "observation": "错误：缺少project_path参数"
    },
    {
      "iteration": 3,
      "llm_response": "Thought: 由于这是一个单文件项目且没有项目路径，get_project_context无法使用。这种情况下，我需要直接分析代码逻辑。从代码看，用户试图使用add、multiply、divide等函数，但这些函数都没有定义。我需要定义这些基本的数学运算函数，然后修复代码中的拼写错误（divde应该是divide）。\n\nAction: fix_code\nAction Input: {\n  \"buggy_code\": \"x = add(5, 3)\\ny = multiply(x, 2)\\nz = divde(y, 4)\\nprint(z)\",\n  \"error_message\": \"NameError: name 'add' is not defined\"\n}",
      "action": {
        "type": "action",
        "tool": "fix_code",
        "params": {
          "buggy_code": "x = add(5, 3)\ny = multiply(x, 2)\nz = divde(y, 4)\nprint(z)",
          "error_message": "NameError: name 'add' is not defined"
        }
      },
      "observation": "代码修复完成:\n修复说明: 修复了三个主要问题：1) 代码中使用了未定义的函数add、multiply和divide，需要先定义这些函数；2) 函数名'divde'存在拼写错误，应该是'divide'；3) 由于这些是基本的数学运算函数，直接在代码开头定义了这些函数的实现，而不是尝试导入外部模块。\n变更: ['添加了add函数定义：实现两个数的加法', '添加了multiply函数定义：实现两个数的乘法', '添加了divide函数定义：实现两个数的除法', \"修正了函数名拼写错误：将'divde'改为'divide'\"]\n修复后代码已保存，可以使用execute_code验证"
    },
    {
      "iteration": 4,
      "llm_response": "Thought: 修复代码已经生成，现在需要验证修复是否成功。我必须使用execute_code工具来测试修复后的代码是否能正常运行。\n\nAction: execute_code\nAction Input: {}",
      "action": {
        "type": "action",
        "tool": "execute_code",
        "params": {}
      },
      "observation": "✅ 执行成功!\n输出: 4.0\n"
    },
    {
      "iteration": 5,
      "llm_response": "Thought: 验证成功！代码已修复并正常运行。修复过程包括：1) 定义了缺失的add、multiply、divide函数；2) 修正了函数名拼写错误（divde → divide）；3) 代码现在可以正确计算 (5+3)×2÷4 = 4.0。\n\nFinal Answer: {\"fixed_code\": \"def add(a, b):\\n    return a + b\\n\\ndef multiply(a, b):\\n    return a * b\\n\\ndef divide(a, b):\\n    return a / b\\n\\nx = add(5, 3)\\ny = multiply(x, 2)\\nz = divide(y, 4)\\nprint(z)\", \"explanation\": \"修复了三个主要问题：1) 定义了缺失的add、multiply、divide函数；2) 修正了函数名拼写错误（divde → divide）；3) 代码现在可以正确计算数学表达式并输出结果4.0\"}",
      "action": {
        "type": "final",
        "result": {
          "fixed_code": "def add(a, b):\n    return a + b\n\ndef multiply(a, b):\n    return a * b\n\ndef divide(a, b):\n    return a / b\n\nx = add(5, 3)\ny = multiply(x, 2)\nz = divide(y, 4)\nprint(z)",
          "explanation": "修复了三个主要问题：1) 定义了缺失的add、multiply、divide函数；2) 修正了函数名拼写错误（divde → divide）；3) 代码现在可以正确计算数学表达式并输出结果4.0"
        }
      }
    }
  ],
  "original_error": "Traceback (most recent call last):\n  File \"main.py\", line 1, in <module>\nNameError: name 'add' is not defined\n",
  "timestamp": "2025-11-28T23:21:14.639548"
}