{
  "test_id": "constructed_19_react_run3",
  "case_id": "constructed_19",
  "case_name": "NameError - 子目录模块未import",
  "agent": "react",
  "run_num": 3,
  "source": "constructed",
  "error_type": "NameError",
  "success": true,
  "time": 30.25049591064453,
  "iterations": 5,
  "fixed_code": "def multiply(a, b):\n    return a * b\n\nresult = multiply(3, 4)\nprint(result)",
  "react_history": [
    {
      "iteration": 1,
      "llm_response": "Thought: 首先需要分析错误类型，看看是什么错误。从错误信息看，这是一个NameError，说明multiply函数未定义。\n\nAction: analyze_error\nAction Input: {\"traceback\": \"Traceback (most recent call last):\\n  File \\\"main.py\\\", line 1, in <module>\\nNameError: name 'multiply' is not defined\"}",
      "action": {
        "type": "action",
        "tool": "analyze_error",
        "params": {
          "traceback": "Traceback (most recent call last):\n  File \"main.py\", line 1, in <module>\nNameError: name 'multiply' is not defined"
        }
      },
      "observation": "错误分析结果:\n- 错误类型: NameError\n- 错误信息: name 'multiply' is not defined\n- 文件: main.py\n- 行号: 1"
    },
    {
      "iteration": 2,
      "llm_response": "Thought: 这是NameError错误，说明multiply函数未定义。由于是单文件项目，我需要先查找项目中是否有multiply的定义。如果没有找到，就需要定义这个函数。\n\nAction: get_project_context\nAction Input: {\"error_file\": \"main.py\", \"error_name\": \"multiply\", \"error_type\": \"NameError\"}",
      "action": {
        "type": "action",
        "tool": "get_project_context",
        "params": {
          "error_file": "main.py",
          "error_name": "multiply",
          "error_type": "NameError"
        }
      },
      "observation": "错误：缺少project_path参数"
    },
    {
      "iteration": 3,
      "llm_response": "Thought: 由于是单文件项目且没有项目路径，get_project_context无法使用。这种情况下，我需要直接分析错误原因：multiply函数确实没有定义。最简单的修复方案是定义multiply函数。让我直接修复代码。\n\nAction: fix_code\nAction Input: {\n  \"buggy_code\": \"result = multiply(3, 4)\\nprint(result)\",\n  \"error_message\": \"NameError: name 'multiply' is not defined\"\n}",
      "action": {
        "type": "action",
        "tool": "fix_code",
        "params": {
          "buggy_code": "result = multiply(3, 4)\nprint(result)",
          "error_message": "NameError: name 'multiply' is not defined"
        }
      },
      "observation": "代码修复完成:\n修复说明: 修复了NameError: name 'multiply' is not defined错误。错误原因是代码中调用了multiply函数，但该函数在代码中并未定义。解决方案是在代码开头定义multiply函数，该函数接受两个参数并返回它们的乘积。这样代码就能正常运行，输出结果为12。\n变更: ['添加了multiply函数的定义：def multiply(a, b): return a * b']\n修复后代码已保存，可以使用execute_code验证"
    },
    {
      "iteration": 4,
      "llm_response": "Thought: 修复代码已经生成，现在需要验证修复是否成功。必须执行execute_code来确认代码能够正常运行。\n\nAction: execute_code\nAction Input: {}",
      "action": {
        "type": "action",
        "tool": "execute_code",
        "params": {}
      },
      "observation": "✅ 执行成功!\n输出: 12\n"
    },
    {
      "iteration": 5,
      "llm_response": "Thought: 验证成功！代码已修复。通过定义multiply函数解决了NameError错误。multiply函数接受两个参数并返回它们的乘积，代码现在能够正确计算3*4并输出结果12。\n\nFinal Answer: {\"fixed_code\": \"def multiply(a, b):\\n    return a * b\\n\\nresult = multiply(3, 4)\\nprint(result)\", \"explanation\": \"修复了NameError: name 'multiply' is not defined错误。在代码开头添加了multiply函数的定义，该函数接受两个参数并返回它们的乘积。修复后代码能够正确计算3*4并输出结果12。\"}",
      "action": {
        "type": "final",
        "result": {
          "fixed_code": "def multiply(a, b):\n    return a * b\n\nresult = multiply(3, 4)\nprint(result)",
          "explanation": "修复了NameError: name 'multiply' is not defined错误。在代码开头添加了multiply函数的定义，该函数接受两个参数并返回它们的乘积。修复后代码能够正确计算3*4并输出结果12。"
        }
      }
    }
  ],
  "original_error": "Traceback (most recent call last):\n  File \"main.py\", line 1, in <module>\nNameError: name 'multiply' is not defined\n",
  "timestamp": "2025-11-28T23:16:49.416199"
}