{
  "test_id": "constructed_2_react_run1",
  "case_id": "constructed_2",
  "case_name": "NameError - 变量未定义",
  "agent": "react",
  "run_num": 1,
  "source": "constructed",
  "error_type": "NameError",
  "success": true,
  "time": 24.25032377243042,
  "iterations": 4,
  "fixed_code": "x = 10\ny = 20\nprint(y)",
  "react_history": [
    {
      "iteration": 1,
      "llm_response": "Thought: 首先需要分析错误类型，看看是什么错误。从错误信息可以看出是NameError，变量y未定义。\nAction: analyze_error\nAction Input: {\"traceback\": \"Traceback (most recent call last):\\n  File \\\"main.py\\\", line 1, in <module>\\nNameError: name 'y' is not defined\"}",
      "action": {
        "type": "action",
        "tool": "analyze_error",
        "params": {
          "traceback": "Traceback (most recent call last):\n  File \"main.py\", line 1, in <module>\nNameError: name 'y' is not defined"
        }
      },
      "observation": "错误分析结果:\n- 错误类型: NameError\n- 错误信息: name 'y' is not defined\n- 文件: main.py\n- 行号: 1"
    },
    {
      "iteration": 2,
      "llm_response": "Thought: 这是NameError错误，说明变量y在使用前没有被定义。由于这是一个简单的单文件代码，不需要查找项目结构。我需要修复代码，要么定义变量y，要么修改代码使用已定义的变量x。\nAction: fix_code\nAction Input: {\"buggy_code\": \"x = 10\\nprint(y)\", \"error_message\": \"NameError: name 'y' is not defined\"}",
      "action": {
        "type": "action",
        "tool": "fix_code",
        "params": {
          "buggy_code": "x = 10\nprint(y)",
          "error_message": "NameError: name 'y' is not defined"
        }
      },
      "observation": "代码修复完成:\n修复说明: 修复了NameError: name 'y' is not defined错误。原代码中变量x被赋值为10，但变量y在使用前没有被定义。在print(y)语句之前添加了y的定义，赋予其一个初始值20，这样代码就能正常运行了。\n变更: ['修改1: 在print(y)之前添加了变量y的定义，赋值为20']\n修复后代码已保存，可以使用execute_code验证"
    },
    {
      "iteration": 3,
      "llm_response": "Thought: 修复代码已经生成，现在需要验证修复是否成功。必须执行execute_code来确认代码能够正常运行。\nAction: execute_code\nAction Input: {}",
      "action": {
        "type": "action",
        "tool": "execute_code",
        "params": {}
      },
      "observation": "✅ 执行成功!\n输出: 20\n"
    },
    {
      "iteration": 4,
      "llm_response": "Thought: 验证成功！代码已修复。修复了NameError错误，通过在print(y)语句之前添加变量y的定义并赋值为20，解决了变量未定义的问题。\n\nFinal Answer: {\"fixed_code\": \"x = 10\\ny = 20\\nprint(y)\", \"explanation\": \"修复了NameError: name 'y' is not defined错误。在print(y)语句之前添加了变量y的定义，赋予其初始值20，这样代码就能正常运行了。\"}",
      "action": {
        "type": "final",
        "result": {
          "fixed_code": "x = 10\ny = 20\nprint(y)",
          "explanation": "修复了NameError: name 'y' is not defined错误。在print(y)语句之前添加了变量y的定义，赋予其初始值20，这样代码就能正常运行了。"
        }
      }
    }
  ],
  "original_error": "Traceback (most recent call last):\n  File \"main.py\", line 1, in <module>\nNameError: name 'y' is not defined\n",
  "timestamp": "2025-11-28T23:08:41.850145"
}